# JRE version: OpenJDK Runtime Environment (17.0.7) (build 17.0.7+0-b2043.56-10550314)
# Java VM: OpenJDK 64-Bit Server VM (17.0.7+0-b2043.56-10550314, mixed mode, tiered, compressed oops, compressed class ptrs, g1 gc, windows-amd64)
GC Precious Log:
 CPUs: 16 total, 16 available
 Memory: 7599M
 Large Page Support: Disabled
 NUMA Support: Disabled
 Compressed Oops: Enabled (32-bit)
 Heap Region Size: 1M
 Heap Min Capacity: 8M
 Heap Initial Capacity: 120M
 Heap Max Capacity: 2G
 Pre-touch: Disabled
 Parallel Workers: 13
 Concurrent Workers: 3
 Concurrent Refinement Workers: 13
 Periodic GC: Disabled
Heap:
 garbage-first heap   total 82944K, used 46755K [0x0000000080000000, 0x0000000100000000)
  region size 1024K, 19 young (19456K), 5 survivors (5120K)
 Metaspace       used 50196K, committed 50624K, reserved 1114112K
  class space    used 6712K, committed 6912K, reserved 1048576K
GC Heap History (20 events):
Event: 0.624 GC heap before
{Heap before GC invocations=0 (full 0):
 garbage-first heap   total 122880K, used 26624K [0x0000000080000000, 0x0000000100000000)
  region size 1024K, 23 young (23552K), 0 survivors (0K)
 Metaspace       used 10419K, committed 10624K, reserved 1114112K
  class space    used 1080K, committed 1216K, reserved 1048576K
}
Event: 0.635 GC heap after
{Heap after GC invocations=1 (full 0):
 garbage-first heap   total 122880K, used 10552K [0x0000000080000000, 0x0000000100000000)
  region size 1024K, 3 young (3072K), 3 survivors (3072K)
 Metaspace       used 10419K, committed 10624K, reserved 1114112K
  class space    used 1080K, committed 1216K, reserved 1048576K
}
Event: 0.965 GC heap before
{Heap before GC invocations=1 (full 0):
 garbage-first heap   total 122880K, used 38200K [0x0000000080000000, 0x0000000100000000)
  region size 1024K, 30 young (30720K), 3 survivors (3072K)
 Metaspace       used 11483K, committed 11648K, reserved 1114112K
  class space    used 1194K, committed 1280K, reserved 1048576K
}
Event: 0.969 GC heap after
{Heap after GC invocations=2 (full 0):
 garbage-first heap   total 122880K, used 11409K [0x0000000080000000, 0x0000000100000000)
  region size 1024K, 1 young (1024K), 1 survivors (1024K)
 Metaspace       used 11483K, committed 11648K, reserved 1114112K
  class space    used 1194K, committed 1280K, reserved 1048576K
}
Event: 1.969 GC heap before
{Heap before GC invocations=2 (full 0):
 garbage-first heap   total 122880K, used 59537K [0x0000000080000000, 0x0000000100000000)
  region size 1024K, 49 young (50176K), 1 survivors (1024K)
 Metaspace       used 21268K, committed 21504K, reserved 1114112K
  class space    used 2552K, committed 2688K, reserved 1048576K
}
Event: 1.978 GC heap after
{Heap after GC invocations=3 (full 0):
 garbage-first heap   total 122880K, used 18406K [0x0000000080000000, 0x0000000100000000)
  region size 1024K, 8 young (8192K), 8 survivors (8192K)
 Metaspace       used 21268K, committed 21504K, reserved 1114112K
  class space    used 2552K, committed 2688K, reserved 1048576K
}
Event: 2.572 GC heap before
{Heap before GC invocations=4 (full 0):
 garbage-first heap   total 68608K, used 50150K [0x0000000080000000, 0x0000000100000000)
  region size 1024K, 40 young (40960K), 8 survivors (8192K)
 Metaspace       used 25986K, committed 26240K, reserved 1114112K
  class space    used 3373K, committed 3520K, reserved 1048576K
}
Event: 2.580 GC heap after
{Heap after GC invocations=5 (full 0):
 garbage-first heap   total 68608K, used 20694K [0x0000000080000000, 0x0000000100000000)
  region size 1024K, 3 young (3072K), 3 survivors (3072K)
 Metaspace       used 25986K, committed 26240K, reserved 1114112K
  class space    used 3373K, committed 3520K, reserved 1048576K
}
Event: 3.177 GC heap before
{Heap before GC invocations=5 (full 0):
 garbage-first heap   total 68608K, used 48342K [0x0000000080000000, 0x0000000100000000)
  region size 1024K, 30 young (30720K), 3 survivors (3072K)
 Metaspace       used 29809K, committed 30080K, reserved 1114112K
  class space    used 3990K, committed 4096K, reserved 1048576K
}
Event: 3.181 GC heap after
{Heap after GC invocations=6 (full 0):
 garbage-first heap   total 82944K, used 21896K [0x0000000080000000, 0x0000000100000000)
  region size 1024K, 4 young (4096K), 4 survivors (4096K)
 Metaspace       used 29809K, committed 30080K, reserved 1114112K
  class space    used 3990K, committed 4096K, reserved 1048576K
}
Event: 3.741 GC heap before
{Heap before GC invocations=6 (full 0):
 garbage-first heap   total 82944K, used 58760K [0x0000000080000000, 0x0000000100000000)
  region size 1024K, 40 young (40960K), 4 survivors (4096K)
 Metaspace       used 35066K, committed 35456K, reserved 1114112K
  class space    used 4824K, committed 4992K, reserved 1048576K
}
Event: 3.745 GC heap after
{Heap after GC invocations=7 (full 0):
 garbage-first heap   total 82944K, used 23770K [0x0000000080000000, 0x0000000100000000)
  region size 1024K, 4 young (4096K), 4 survivors (4096K)
 Metaspace       used 35066K, committed 35456K, reserved 1114112K
  class space    used 4824K, committed 4992K, reserved 1048576K
}
Event: 3.845 GC heap before
{Heap before GC invocations=7 (full 0):
 garbage-first heap   total 82944K, used 26842K [0x0000000080000000, 0x0000000100000000)
  region size 1024K, 8 young (8192K), 4 survivors (4096K)
 Metaspace       used 35648K, committed 35968K, reserved 1114112K
  class space    used 4921K, committed 5056K, reserved 1048576K
}
Event: 3.849 GC heap after
{Heap after GC invocations=8 (full 0):
 garbage-first heap   total 82944K, used 24145K [0x0000000080000000, 0x0000000100000000)
  region size 1024K, 3 young (3072K), 3 survivors (3072K)
 Metaspace       used 35648K, committed 35968K, reserved 1114112K
  class space    used 4921K, committed 5056K, reserved 1048576K
}
Event: 4.500 GC heap before
{Heap before GC invocations=9 (full 0):
 garbage-first heap   total 82944K, used 61009K [0x0000000080000000, 0x0000000100000000)
  region size 1024K, 40 young (40960K), 3 survivors (3072K)
 Metaspace       used 41313K, committed 41664K, reserved 1114112K
  class space    used 5474K, committed 5632K, reserved 1048576K
}
Event: 4.506 GC heap after
{Heap after GC invocations=10 (full 0):
 garbage-first heap   total 82944K, used 29289K [0x0000000080000000, 0x0000000100000000)
  region size 1024K, 5 young (5120K), 5 survivors (5120K)
 Metaspace       used 41313K, committed 41664K, reserved 1114112K
  class space    used 5474K, committed 5632K, reserved 1048576K
}
Event: 4.837 GC heap before
{Heap before GC invocations=10 (full 0):
 garbage-first heap   total 82944K, used 66153K [0x0000000080000000, 0x0000000100000000)
  region size 1024K, 37 young (37888K), 5 survivors (5120K)
 Metaspace       used 44347K, committed 44800K, reserved 1114112K
  class space    used 5809K, committed 6016K, reserved 1048576K
}
Event: 4.845 GC heap after
{Heap after GC invocations=11 (full 0):
 garbage-first heap   total 82944K, used 31748K [0x0000000080000000, 0x0000000100000000)
  region size 1024K, 3 young (3072K), 3 survivors (3072K)
 Metaspace       used 44347K, committed 44800K, reserved 1114112K
  class space    used 5809K, committed 6016K, reserved 1048576K
}
Event: 5.519 GC heap before
{Heap before GC invocations=11 (full 0):
 garbage-first heap   total 82944K, used 63492K [0x0000000080000000, 0x0000000100000000)
  region size 1024K, 33 young (33792K), 3 survivors (3072K)
 Metaspace       used 48307K, committed 48768K, reserved 1114112K
  class space    used 6392K, committed 6592K, reserved 1048576K
}
Event: 5.526 GC heap after
{Heap after GC invocations=12 (full 0):
 garbage-first heap   total 82944K, used 33443K [0x0000000080000000, 0x0000000100000000)
  region size 1024K, 5 young (5120K), 5 survivors (5120K)
 Metaspace       used 48307K, committed 48768K, reserved 1114112K
  class space    used 6392K, committed 6592K, reserved 1048576K
}

